<?xml version="1.0" encoding="UTF-8"?>
<!-- Generated by org.testng.reporters.JUnitReportReporter -->
<testsuite hostname="DESKTOP-EAOJTHN" failures="0" tests="1" name="ModificationForum" time="27.230" errors="0" timestamp="2024-10-28T15:09:13 EDT" skipped="0">
  <testcase classname="ModificationForum" name="testModificationForum" time="27.230"/>
</testsuite> <!-- ModificationForum -->
